<?xml version="1.0" encoding="UTF-8"?>
<testsuite xmlns:xsi="http://www.w3.org/2001/XMLSchema-instance" xsi:noNamespaceSchemaLocation="https://maven.apache.org/surefire/maven-surefire-plugin/xsd/surefire-test-report-3.0.xsd" version="3.0" name="com.jade.canopusapi.CanopusApiApplicationTests" time="4.933" tests="1" errors="0" skipped="0" failures="0">
  <properties>
[...]
</properties>
  <testcase name="contextLoads" classname="com.jade.canopusapi.CanopusApiApplicationTests" time="0.416">
    <system-out><![CDATA[00:49:46.775 [main] INFO org.springframework.test.context.support.AnnotationConfigContextLoaderUtils -- Could not detect default configuration classes for test class [com.jade.canopusapi.CanopusApiApplicationTests]: CanopusApiApplicationTests does not declare any static, non-private, non-final, nested classes annotated with @Configuration.
00:49:46.846 [main] INFO org.springframework.boot.test.context.SpringBootTestContextBootstrapper -- Found @SpringBootConfiguration com.jade.canopusapi.CanopusApiApplication for test class com.jade.canopusapi.CanopusApiApplicationTests
00:49:46.967 [main] INFO org.springframework.boot.devtools.restart.RestartApplicationListener -- Restart disabled due to context in which it is running

  .   ____          _            __ _ _
 /\\ / ___'_ __ _ _(_)_ __  __ _ \ \ \ \
( ( )\___ | '_ | '_| | '_ \/ _` | \ \ \ \
 \\/  ___)| |_)| | | | | || (_| |  ) ) ) )
  '  |____| .__|_| |_|_| |_\__, | / / / /
 =========|_|==============|___/=/_/_/_/
 :: Spring Boot ::                (v3.1.5)

2023-11-30T00:49:47.150-03:00  INFO 29496 --- [           main] c.j.c.CanopusApiApplicationTests         : Starting CanopusApiApplicationTests using Java 21.0.1 with PID 29496 (started by diego in C:\Users\diego\IdeaProjects\canopusApi)
2023-11-30T00:49:47.151-03:00  INFO 29496 --- [           main] c.j.c.CanopusApiApplicationTests         : No active profile set, falling back to 1 default profile: "default"
2023-11-30T00:49:47.620-03:00  INFO 29496 --- [           main] .s.d.r.c.RepositoryConfigurationDelegate : Bootstrapping Spring Data JPA repositories in DEFAULT mode.
2023-11-30T00:49:47.674-03:00  INFO 29496 --- [           main] .s.d.r.c.RepositoryConfigurationDelegate : Finished Spring Data repository scanning in 49 ms. Found 4 JPA repository interfaces.
2023-11-30T00:49:48.214-03:00  INFO 29496 --- [           main] o.hibernate.jpa.internal.util.LogHelper  : HHH000204: Processing PersistenceUnitInfo [name: default]
2023-11-30T00:49:48.342-03:00  INFO 29496 --- [           main] org.hibernate.Version                    : HHH000412: Hibernate ORM core version 6.2.13.Final
2023-11-30T00:49:48.344-03:00  INFO 29496 --- [           main] org.hibernate.cfg.Environment            : HHH000406: Using bytecode reflection optimizer
2023-11-30T00:49:48.560-03:00  INFO 29496 --- [           main] o.s.o.j.p.SpringPersistenceUnitInfo      : No LoadTimeWeaver setup: ignoring JPA class transformer
2023-11-30T00:49:48.585-03:00  INFO 29496 --- [           main] com.zaxxer.hikari.HikariDataSource       : HikariPool-1 - Starting...
2023-11-30T00:49:48.760-03:00  INFO 29496 --- [           main] com.zaxxer.hikari.pool.HikariPool        : HikariPool-1 - Added connection org.postgresql.jdbc.PgConnection@64fdcf99
2023-11-30T00:49:48.761-03:00  INFO 29496 --- [           main] com.zaxxer.hikari.HikariDataSource       : HikariPool-1 - Start completed.
2023-11-30T00:49:49.518-03:00  INFO 29496 --- [           main] o.h.e.t.j.p.i.JtaPlatformInitiator       : HHH000489: No JTA platform available (set 'hibernate.transaction.jta.platform' to enable JTA platform integration)
2023-11-30T00:49:49.614-03:00  INFO 29496 --- [           main] j.LocalContainerEntityManagerFactoryBean : Initialized JPA EntityManagerFactory for persistence unit 'default'
2023-11-30T00:49:50.576-03:00  WARN 29496 --- [           main] JpaBaseConfiguration$JpaWebConfiguration : spring.jpa.open-in-view is enabled by default. Therefore, database queries may be performed during view rendering. Explicitly configure spring.jpa.open-in-view to disable this warning
2023-11-30T00:49:50.708-03:00  INFO 29496 --- [           main] o.s.s.web.DefaultSecurityFilterChain     : Will secure any request with [org.springframework.security.web.session.DisableEncodeUrlFilter@53570fff, org.springframework.security.web.context.request.async.WebAsyncManagerIntegrationFilter@6e5df971, org.springframework.security.web.context.SecurityContextHolderFilter@2b569858, org.springframework.security.web.header.HeaderWriterFilter@701da311, org.springframework.security.web.authentication.logout.LogoutFilter@4f9e9c21, com.jade.canopusapi.security.jwt.AuthTokenFilter@5bfeb9ba, org.springframework.security.web.savedrequest.RequestCacheAwareFilter@41d8ac75, org.springframework.security.web.servletapi.SecurityContextHolderAwareRequestFilter@1964ef9, org.springframework.security.web.authentication.AnonymousAuthenticationFilter@3c7787a7, org.springframework.security.web.session.SessionManagementFilter@491f3fb0, org.springframework.security.web.access.ExceptionTranslationFilter@434a2a10, org.springframework.security.web.access.intercept.AuthorizationFilter@6c2a33af]
2023-11-30T00:49:51.017-03:00  INFO 29496 --- [           main] com.jade.canopusapi.config.WebConfig     : Media resources location registered
2023-11-30T00:49:51.138-03:00  INFO 29496 --- [           main] o.s.m.s.b.SimpleBrokerMessageHandler     : Starting...
2023-11-30T00:49:51.139-03:00  INFO 29496 --- [           main] o.s.m.s.b.SimpleBrokerMessageHandler     : BrokerAvailabilityEvent[available=true, SimpleBrokerMessageHandler [org.springframework.messaging.simp.broker.DefaultSubscriptionRegistry@77350382]]
2023-11-30T00:49:51.140-03:00  INFO 29496 --- [           main] o.s.m.s.b.SimpleBrokerMessageHandler     : Started.
2023-11-30T00:49:51.145-03:00  INFO 29496 --- [           main] c.j.c.CanopusApiApplicationTests         : Started CanopusApiApplicationTests in 4.187 seconds (process running for 5.055)
]]></system-out>
    <system-err><![CDATA[WARNING: A Java agent has been loaded dynamically (C:\Users\diego\.m2\repository\net\bytebuddy\byte-buddy-agent\1.14.9\byte-buddy-agent-1.14.9.jar)
WARNING: If a serviceability tool is in use, please run with -XX:+EnableDynamicAgentLoading to hide this warning
WARNING: If a serviceability tool is not in use, please run with -Djdk.instrument.traceUsage for more information
WARNING: Dynamic loading of agents will be disallowed by default in a future release
]]></system-err>
  </testcase>
</testsuite>